[debug] [2024-05-21T04:28:10.996Z] ----------------------------------------------------------------------
[debug] [2024-05-21T04:28:10.999Z] Command:       /home/coms/.nvm/versions/node/v20.13.1/bin/node /home/coms/.nvm/versions/node/v20.13.1/bin/firebase init
[debug] [2024-05-21T04:28:11.000Z] CLI Version:   13.9.0
[debug] [2024-05-21T04:28:11.000Z] Platform:      linux
[debug] [2024-05-21T04:28:11.000Z] Node Version:  v20.13.1
[debug] [2024-05-21T04:28:11.000Z] Time:          Tue May 21 2024 12:28:11 GMT+0800 (Philippine Standard Time)
[debug] [2024-05-21T04:28:11.001Z] ----------------------------------------------------------------------
[debug] 
[debug] [2024-05-21T04:28:11.216Z] > command requires scopes: ["email","openid","https://www.googleapis.com/auth/cloudplatformprojects.readonly","https://www.googleapis.com/auth/firebase","https://www.googleapis.com/auth/cloud-platform"]
[debug] [2024-05-21T04:28:11.217Z] > authorizing via signed-in user (trulycoms2023@gmail.com)
[info] 
     ######## #### ########  ######## ########     ###     ######  ########
     ##        ##  ##     ## ##       ##     ##  ##   ##  ##       ##
     ######    ##  ########  ######   ########  #########  ######  ######
     ##        ##  ##    ##  ##       ##     ## ##     ##       ## ##
     ##       #### ##     ## ######## ########  ##     ##  ######  ########

You're about to initialize a Firebase project in this directory:

  /home/coms/AAA_WORKSPACE/luad-astro

Before we get started, keep in mind:

  * You are initializing within an existing Firebase project directory

[info] 
=== Project Setup
[info] 
[info] First, let's associate this project directory with a Firebase project.
[info] You can create multiple project aliases by running firebase use --add, 
[info] but for now we'll just set up a default project.
[info] 
[debug] [2024-05-21T04:28:16.647Z] Using project from CLI flag: luad-db
[debug] [2024-05-21T04:28:16.654Z] >>> [apiv2][query] GET https://firebase.googleapis.com/v1beta1/projects/luad-db [none]
[debug] [2024-05-21T04:28:17.234Z] <<< [apiv2][status] GET https://firebase.googleapis.com/v1beta1/projects/luad-db 200
[debug] [2024-05-21T04:28:17.235Z] <<< [apiv2][body] GET https://firebase.googleapis.com/v1beta1/projects/luad-db {"projectId":"luad-db","projectNumber":"611542890412","displayName":"Luad","name":"projects/luad-db","resources":{"hostingSite":"luad-db","realtimeDatabaseInstance":"luad-db-default-rtdb","storageBucket":"luad-db.appspot.com","locationId":"asia-east1"},"state":"ACTIVE","etag":"1_f1fab522-0cd8-4343-a791-cc3361382201"}
[info] i  Using project luad-db (Luad) 
[info] 
=== Hosting:github Setup
[info] 
[info] i  Detected a .git folder at /home/coms/AAA_WORKSPACE/luad-astro 
[info] i  Authorizing with GitHub to upload your service account to a GitHub repository's secrets store. 
[info] 
[info] Visit this URL on this device to log in:
[info] https://github.com/login/oauth/authorize?client_id=89cf50f02ac6aaed3484&state=445599897&redirect_uri=http%3A%2F%2Flocalhost%3A9005&scope=read%3Auser%20repo%20public_repo
[info] 
[info] Waiting for authentication...
